2022-01-30 12:01:15 - Starting C:\Program Files\nodejs\node.exe  --harmony --max_old_space_size=4096 C:\Users\akris\Documents\GitHub\KrishProject\expressjs\node_modules\node-windows\lib\wrapper.js --file C:\Users\akris\Documents\GitHub\KrishProject\expressjs\src\app.js --scriptoptions= --log "KrishXpress wrapper" --grow 0.25 --wait 1 --maxrestarts 3 --abortonerror n --stopparentfirst undefined
2022-01-30 12:01:15 - Started 14412
2022-01-30 12:03:15 - Starting C:\Program Files\nodejs\node.exe  --harmony --max_old_space_size=4096 C:\Users\akris\Documents\GitHub\KrishProject\expressjs\node_modules\node-windows\lib\wrapper.js --file C:\Users\akris\Documents\GitHub\KrishProject\expressjs\src\app.js --scriptoptions= --log "KrishXpress wrapper" --grow 0.25 --wait 1 --maxrestarts 3 --abortonerror n --stopparentfirst undefined
2022-01-30 12:03:16 - Started 1200
2022-01-30 12:05:02 - Starting C:\Program Files\nodejs\node.exe  --harmony --max_old_space_size=4096 C:\Users\akris\Documents\GitHub\KrishProject\expressjs\node_modules\node-windows\lib\wrapper.js --file C:\Users\akris\Documents\GitHub\KrishProject\expressjs\src\app.js --scriptoptions= --log "KrishXpress wrapper" --grow 0.25 --wait 1 --maxrestarts 3 --abortonerror n --stopparentfirst undefined
2022-01-30 12:05:02 - Started 5360
2022-01-30 12:07:51 - Starting C:\Program Files\nodejs\node.exe  --harmony --max_old_space_size=4096 C:\Users\akris\Documents\GitHub\KrishProject\expressjs\node_modules\node-windows\lib\wrapper.js --file C:\Users\akris\Documents\GitHub\KrishProject\expressjs\src\app.js --scriptoptions= --log "KrishXpress wrapper" --grow 0.25 --wait 1 --maxrestarts 3 --abortonerror n --stopparentfirst undefined
2022-01-30 12:07:51 - Started 14860
2022-01-30 12:11:03 - Starting C:\Program Files\nodejs\node.exe  --harmony --max_old_space_size=4096 C:\Users\akris\Documents\GitHub\KrishProject\expressjs\node_modules\node-windows\lib\wrapper.js --file C:\Users\akris\Documents\GitHub\KrishProject\expressjs\src\app.js --scriptoptions= --log "KrishXpress wrapper" --grow 0.25 --wait 1 --maxrestarts 3 --abortonerror n --stopparentfirst undefined
2022-01-30 12:11:04 - Started 15116
2022-01-30 12:12:23 - Starting C:\Program Files\nodejs\node.exe  --harmony --max_old_space_size=4096 C:\Users\akris\Documents\GitHub\KrishProject\expressjs\node_modules\node-windows\lib\wrapper.js --file C:\Users\akris\Documents\GitHub\KrishProject\expressjs\src\app.js --scriptoptions= --log "KrishXpress wrapper" --grow 0.25 --wait 1 --maxrestarts 3 --abortonerror n --stopparentfirst undefined
2022-01-30 12:12:23 - Started 15784
2022-01-30 12:14:08 - Starting C:\Program Files\nodejs\node.exe  --harmony --max_old_space_size=4096 C:\Users\akris\Documents\GitHub\KrishProject\expressjs\node_modules\node-windows\lib\wrapper.js --file C:\Users\akris\Documents\GitHub\KrishProject\expressjs\src\app.js --scriptoptions= --log "KrishXpress wrapper" --grow 0.25 --wait 1 --maxrestarts 3 --abortonerror n --stopparentfirst undefined
2022-01-30 12:14:08 - Started 6064
2022-01-30 12:21:04 - Starting C:\Program Files\nodejs\node.exe  --harmony --max_old_space_size=4096 C:\Users\akris\Documents\GitHub\KrishProject\expressjs\node_modules\node-windows\lib\wrapper.js --file C:\Users\akris\Documents\GitHub\KrishProject\expressjs\src\app.js --scriptoptions= --log "KrishXpress wrapper" --grow 0.25 --wait 1 --maxrestarts 3 --abortonerror n --stopparentfirst undefined
2022-01-30 12:21:04 - Started 12948
2022-01-30 12:21:38 - Stopping krishxpress.exe
2022-01-30 12:21:38 - ProcessKill 12948
2022-01-30 12:21:38 - Found child process: 7644 Name: conhost.exe
2022-01-30 12:21:38 - Found child process: 14016 Name: node.exe
2022-01-30 12:21:38 - Stopping process 7644
2022-01-30 12:21:38 - Send SIGINT 7644
2022-01-30 12:21:38 - SIGINT to 7644 failed - Killing as fallback
2022-01-30 12:21:38 - Stopping process 14016
2022-01-30 12:21:38 - Send SIGINT 14016
2022-01-30 12:21:38 - SIGINT to 14016 failed - Killing as fallback
2022-01-30 12:21:38 - Stopping process 12948
2022-01-30 12:21:38 - Send SIGINT 12948
2022-01-30 12:21:38 - SIGINT to 12948 failed - Killing as fallback
2022-01-30 12:21:38 - Finished krishxpress.exe
2022-01-30 12:21:40 - Starting C:\Program Files\nodejs\node.exe  --harmony --max_old_space_size=4096 C:\Users\akris\Documents\GitHub\KrishProject\expressjs\node_modules\node-windows\lib\wrapper.js --file C:\Users\akris\Documents\GitHub\KrishProject\expressjs\src\app.js --scriptoptions= --log "KrishXpress wrapper" --grow 0.25 --wait 1 --maxrestarts 3 --abortonerror n --stopparentfirst undefined
2022-01-30 12:21:40 - Started 13668
2022-01-30 12:22:31 - Starting C:\Program Files\nodejs\node.exe  --harmony --max_old_space_size=4096 C:\Users\akris\Documents\GitHub\KrishProject\expressjs\node_modules\node-windows\lib\wrapper.js --file C:\Users\akris\Documents\GitHub\KrishProject\expressjs\src\app.js --scriptoptions= --log "KrishXpress wrapper" --grow 0.25 --wait 1 --maxrestarts 3 --abortonerror n --stopparentfirst undefined
2022-01-30 12:22:31 - Started 5988
2022-01-30 13:41:00 - Stopping krishxpress.exe
2022-01-30 13:41:00 - ProcessKill 5988
2022-01-30 13:41:00 - Found child process: 9252 Name: conhost.exe
2022-01-30 13:41:00 - Found child process: 15776 Name: node.exe
2022-01-30 13:41:00 - Stopping process 9252
2022-01-30 13:41:00 - Send SIGINT 9252
2022-01-30 13:41:00 - SIGINT to 9252 failed - Killing as fallback
2022-01-30 13:41:00 - Stopping process 15776
2022-01-30 13:41:00 - Send SIGINT 15776
2022-01-30 13:41:00 - SIGINT to 15776 failed - Killing as fallback
2022-01-30 13:41:00 - Stopping process 5988
2022-01-30 13:41:00 - Send SIGINT 5988
2022-01-30 13:41:00 - SIGINT to 5988 failed - Killing as fallback
2022-01-30 13:41:00 - Finished krishxpress.exe
2022-01-30 15:41:17 - Starting C:\Program Files\nodejs\node.exe  --harmony --max_old_space_size=4096 C:\Users\akris\Documents\GitHub\KrishProject\expressjs\node_modules\node-windows\lib\wrapper.js --file C:\Users\akris\Documents\GitHub\KrishProject\expressjs\src\app.js --scriptoptions= --log "KrishXpress wrapper" --grow 0.25 --wait 1 --maxrestarts 3 --abortonerror n --stopparentfirst undefined
2022-01-30 15:41:17 - Started 16136
2022-02-07 00:02:33 - Stopping krishxpress.exe
2022-02-07 00:02:33 - ProcessKill 16136
2022-02-07 00:02:34 - Found child process: 2208 Name: conhost.exe
2022-02-07 00:02:34 - Found child process: 4028 Name: node.exe
2022-02-07 00:02:34 - Stopping process 2208
2022-02-07 00:02:34 - Send SIGINT 2208
2022-02-07 00:02:34 - SIGINT to 2208 failed - Killing as fallback
2022-02-07 00:02:34 - Stopping process 4028
2022-02-07 00:02:34 - Send SIGINT 4028
2022-02-07 00:02:34 - SIGINT to 4028 failed - Killing as fallback
2022-02-07 00:02:34 - Stopping process 16136
2022-02-07 00:02:34 - Send SIGINT 16136
2022-02-07 00:02:34 - SIGINT to 16136 failed - Killing as fallback
2022-02-07 00:02:34 - Finished krishxpress.exe
2022-02-08 17:44:44 - Starting C:\Program Files\nodejs\node.exe  --harmony --max_old_space_size=4096 C:\Users\akris\Documents\GitHub\KrishProject\expressjs\node_modules\node-windows\lib\wrapper.js --file C:\Users\akris\Documents\GitHub\KrishProject\expressjs\src\app.js --scriptoptions= --log "KrishXpress wrapper" --grow 0.25 --wait 1 --maxrestarts 3 --abortonerror n --stopparentfirst undefined
2022-02-08 17:44:44 - Started 2800
2022-02-09 06:40:06 - Stopping krishxpress.exe
2022-02-09 06:40:06 - ProcessKill 2800
2022-02-09 06:40:07 - Found child process: 816 Name: conhost.exe
2022-02-09 06:40:07 - Found child process: 22024 Name: node.exe
2022-02-09 06:40:07 - Stopping process 816
2022-02-09 06:40:07 - Send SIGINT 816
2022-02-09 06:40:07 - SIGINT to 816 failed - Killing as fallback
2022-02-09 06:40:07 - Stopping process 22024
2022-02-09 06:40:07 - Send SIGINT 22024
2022-02-09 06:40:07 - SIGINT to 22024 failed - Killing as fallback
2022-02-09 06:40:07 - Stopping process 2800
2022-02-09 06:40:07 - Send SIGINT 2800
2022-02-09 06:40:07 - SIGINT to 2800 failed - Killing as fallback
2022-02-09 06:40:07 - Finished krishxpress.exe
2022-02-09 06:40:08 - Starting C:\Program Files\nodejs\node.exe  --harmony --max_old_space_size=4096 C:\Users\akris\Documents\GitHub\KrishProject\expressjs\node_modules\node-windows\lib\wrapper.js --file C:\Users\akris\Documents\GitHub\KrishProject\expressjs\src\app.js --scriptoptions= --log "KrishXpress wrapper" --grow 0.25 --wait 1 --maxrestarts 3 --abortonerror n --stopparentfirst undefined
2022-02-09 06:40:09 - Started 8148
2022-02-09 06:42:51 - Stopping krishxpress.exe
2022-02-09 06:42:51 - ProcessKill 8148
2022-02-09 06:42:51 - Found child process: 24148 Name: conhost.exe
2022-02-09 06:42:51 - Found child process: 22484 Name: node.exe
2022-02-09 06:42:51 - Stopping process 24148
2022-02-09 06:42:51 - Send SIGINT 24148
2022-02-09 06:42:51 - SIGINT to 24148 failed - Killing as fallback
2022-02-09 06:42:51 - Stopping process 22484
2022-02-09 06:42:51 - Send SIGINT 22484
2022-02-09 06:42:51 - SIGINT to 22484 failed - Killing as fallback
2022-02-09 06:42:51 - Stopping process 8148
2022-02-09 06:42:51 - Send SIGINT 8148
2022-02-09 06:42:51 - SIGINT to 8148 failed - Killing as fallback
2022-02-09 06:42:51 - Finished krishxpress.exe
2022-02-09 06:43:19 - Starting C:\Program Files\nodejs\node.exe  --harmony --max_old_space_size=4096 C:\Users\akris\Documents\GitHub\KrishProject\expressjs\node_modules\node-windows\lib\wrapper.js --file C:\Users\akris\Documents\GitHub\KrishProject\expressjs\src\app.js --scriptoptions= --log "KrishXpress wrapper" --grow 0.25 --wait 1 --maxrestarts 3 --abortonerror n --stopparentfirst undefined
2022-02-09 06:43:20 - Started 12412
2022-02-09 06:56:42 - Stopping krishxpress.exe
2022-02-09 06:56:42 - ProcessKill 12412
2022-02-09 06:56:42 - Found child process: 6260 Name: conhost.exe
2022-02-09 06:56:42 - Found child process: 16484 Name: node.exe
2022-02-09 06:56:42 - Stopping process 6260
2022-02-09 06:56:42 - Send SIGINT 6260
2022-02-09 06:56:42 - SIGINT to 6260 failed - Killing as fallback
2022-02-09 06:56:42 - Stopping process 16484
2022-02-09 06:56:42 - Send SIGINT 16484
2022-02-09 06:56:42 - SIGINT to 16484 failed - Killing as fallback
2022-02-09 06:56:42 - Stopping process 12412
2022-02-09 06:56:42 - Send SIGINT 12412
2022-02-09 06:56:42 - SIGINT to 12412 failed - Killing as fallback
2022-02-09 06:56:42 - Finished krishxpress.exe
2022-02-09 06:56:43 - Starting C:\Program Files\nodejs\node.exe  --harmony --max_old_space_size=4096 C:\Users\akris\Documents\GitHub\KrishProject\expressjs\node_modules\node-windows\lib\wrapper.js --file C:\Users\akris\Documents\GitHub\KrishProject\expressjs\src\app.js --scriptoptions= --log "KrishXpress wrapper" --grow 0.25 --wait 1 --maxrestarts 3 --abortonerror n --stopparentfirst undefined
2022-02-09 06:56:44 - Started 6200
2022-02-09 07:05:49 - Starting C:\Program Files\nodejs\node.exe  --harmony --max_old_space_size=4096 C:\Users\akris\Documents\GitHub\KrishProject\expressjs\node_modules\node-windows\lib\wrapper.js --file C:\Users\akris\Documents\GitHub\KrishProject\expressjs\src\app.js --scriptoptions= --log "KrishXpress wrapper" --grow 0.25 --wait 1 --maxrestarts 3 --abortonerror n --stopparentfirst undefined
2022-02-09 07:05:49 - Started 8088
2022-02-09 07:06:02 - Starting C:\Program Files\nodejs\node.exe  --harmony --max_old_space_size=4096 C:\Users\akris\Documents\GitHub\KrishProject\expressjs\node_modules\node-windows\lib\wrapper.js --file C:\Users\akris\Documents\GitHub\KrishProject\expressjs\src\app.js --scriptoptions= --log "KrishXpress wrapper" --grow 0.25 --wait 1 --maxrestarts 3 --abortonerror n --stopparentfirst undefined
2022-02-09 07:06:02 - Started 10016
2022-02-09 07:09:23 - Starting C:\Program Files\nodejs\node.exe  --harmony --max_old_space_size=4096 C:\Users\akris\Documents\GitHub\KrishProject\expressjs\node_modules\node-windows\lib\wrapper.js --file C:\Users\akris\Documents\GitHub\KrishProject\expressjs\src\app.js --scriptoptions= --log "KrishXpress wrapper" --grow 0.25 --wait 1 --maxrestarts 3 --abortonerror n --stopparentfirst undefined
2022-02-09 07:09:23 - Started 17936
2022-02-09 07:16:54 - Stopping krishxpress.exe
2022-02-09 07:16:54 - ProcessKill 17936
2022-02-09 07:16:55 - Found child process: 14836 Name: conhost.exe
2022-02-09 07:16:55 - Found child process: 12360 Name: node.exe
2022-02-09 07:16:55 - Stopping process 14836
2022-02-09 07:16:55 - Send SIGINT 14836
2022-02-09 07:16:55 - SIGINT to 14836 failed - Killing as fallback
2022-02-09 07:16:55 - Stopping process 12360
2022-02-09 07:16:55 - Send SIGINT 12360
2022-02-09 07:16:55 - SIGINT to 12360 failed - Killing as fallback
2022-02-09 07:16:55 - Stopping process 17936
2022-02-09 07:16:55 - Send SIGINT 17936
2022-02-09 07:16:55 - SIGINT to 17936 failed - Killing as fallback
2022-02-09 07:16:55 - Finished krishxpress.exe
2022-02-09 07:16:56 - Starting C:\Program Files\nodejs\node.exe  --harmony --max_old_space_size=4096 C:\Users\akris\Documents\GitHub\KrishProject\expressjs\node_modules\node-windows\lib\wrapper.js --file C:\Users\akris\Documents\GitHub\KrishProject\expressjs\src\app.js --scriptoptions= --log "KrishXpress wrapper" --grow 0.25 --wait 1 --maxrestarts 3 --abortonerror n --stopparentfirst undefined
2022-02-09 07:16:56 - Started 17316
2022-02-09 12:38:49 - Starting C:\Program Files\nodejs\node.exe  --harmony --max_old_space_size=4096 C:\Users\akris\Documents\GitHub\KrishProject\expressjs\node_modules\node-windows\lib\wrapper.js --file C:\Users\akris\Documents\GitHub\KrishProject\expressjs\src\app.js --scriptoptions= --log "KrishXpress wrapper" --grow 0.25 --wait 1 --maxrestarts 3 --abortonerror n --stopparentfirst undefined
2022-02-09 12:38:50 - Started 5544
2022-02-09 12:38:56 - Stopping krishxpress.exe
2022-02-09 12:38:56 - ProcessKill 5544
2022-02-09 12:38:56 - Shutdown exception
Message:Class not registered

Stacktrace:   at System.Runtime.InteropServices.Marshal.ThrowExceptionForHRInternal(Int32 errorCode, IntPtr errorInfo)
   at System.Management.ManagementScope.InitializeGuts(Object o)
   at System.Management.ManagementScope.Initialize()
   at System.Management.ManagementObjectSearcher.Initialize()
   at System.Management.ManagementObjectSearcher.Get()
   at winsw.WrapperService.GetChildPids(Int32 pid)
   at winsw.WrapperService.StopProcessAndChildren(Int32 pid)
   at winsw.WrapperService.StopIt()
   at winsw.WrapperService.OnShutdown()
2022-02-09 12:39:23 - Starting C:\Program Files\nodejs\node.exe  --harmony --max_old_space_size=4096 C:\Users\akris\Documents\GitHub\KrishProject\expressjs\node_modules\node-windows\lib\wrapper.js --file C:\Users\akris\Documents\GitHub\KrishProject\expressjs\src\app.js --scriptoptions= --log "KrishXpress wrapper" --grow 0.25 --wait 1 --maxrestarts 3 --abortonerror n --stopparentfirst undefined
2022-02-09 12:39:23 - Started 5224
