inside configuration... 8080
inside server....
app port initialized.... 8080
inside configuration... 8080
inside server....
app port initialized.... 8080
inside configuration... 8080
inside server....
app port initialized.... 8080
inside configuration... 8080
inside server....
app port initialized.... 8080
inside configuration... 8080
inside server....
app port initialized.... 8080
inside configuration... 8080
inside server....
app port initialized.... 8080
inside configuration... 8080
inside server....
app port initialized.... 8080
========= server ==============
<ref *1> [Function: app] {
  _events: [Object: null prototype] { mount: [Function: onmount] },
  _eventsCount: 1,
  _maxListeners: undefined,
  setMaxListeners: [Function: setMaxListeners],
  getMaxListeners: [Function: getMaxListeners],
  emit: [Function: emit],
  addListener: [Function: addListener],
  on: [Function: addListener],
  prependListener: [Function: prependListener],
  once: [Function: once],
  prependOnceListener: [Function: prependOnceListener],
  removeListener: [Function: removeListener],
  off: [Function: removeListener],
  removeAllListeners: [Function: removeAllListeners],
  listeners: [Function: listeners],
  rawListeners: [Function: rawListeners],
  listenerCount: [Function: listenerCount],
  eventNames: [Function: eventNames],
  init: [Function: init],
  defaultConfiguration: [Function: defaultConfiguration],
  lazyrouter: [Function: lazyrouter],
  handle: [Function: handle],
  use: [Function: use],
  route: [Function: route],
  engine: [Function: engine],
  param: [Function: param],
  set: [Function: set],
  path: [Function: path],
  enabled: [Function: enabled],
  disabled: [Function: disabled],
  enable: [Function: enable],
  disable: [Function: disable],
  acl: [Function (anonymous)],
  bind: [Function (anonymous)],
  checkout: [Function (anonymous)],
  connect: [Function (anonymous)],
  copy: [Function (anonymous)],
  delete: [Function (anonymous)],
  get: [Function (anonymous)],
  head: [Function (anonymous)],
  link: [Function (anonymous)],
  lock: [Function (anonymous)],
  'm-search': [Function (anonymous)],
  merge: [Function (anonymous)],
  mkactivity: [Function (anonymous)],
  mkcalendar: [Function (anonymous)],
  mkcol: [Function (anonymous)],
  move: [Function (anonymous)],
  notify: [Function (anonymous)],
  options: [Function (anonymous)],
  patch: [Function (anonymous)],
  post: [Function (anonymous)],
  propfind: [Function (anonymous)],
  proppatch: [Function (anonymous)],
  purge: [Function (anonymous)],
  put: [Function (anonymous)],
  rebind: [Function (anonymous)],
  report: [Function (anonymous)],
  search: [Function (anonymous)],
  source: [Function (anonymous)],
  subscribe: [Function (anonymous)],
  trace: [Function (anonymous)],
  unbind: [Function (anonymous)],
  unlink: [Function (anonymous)],
  unlock: [Function (anonymous)],
  unsubscribe: [Function (anonymous)],
  all: [Function: all],
  del: [Function (anonymous)],
  render: [Function: render],
  listen: [Function: listen],
  request: IncomingMessage { app: [Circular *1] },
  response: ServerResponse { app: [Circular *1] },
  cache: {},
  engines: {},
  settings: {
    'x-powered-by': true,
    etag: 'weak',
    'etag fn': [Function: generateETag],
    env: 'development',
    'query parser': 'extended',
    'query parser fn': [Function: parseExtendedQueryString],
    'subdomain offset': 2,
    'trust proxy': false,
    'trust proxy fn': [Function: trustNone],
    view: [Function: View],
    views: 'C:\\Users\\akris\\Documents\\GitHub\\KrishProject\\expressjs\\views',
    'jsonp callback name': 'callback',
    port: 8080
  },
  locals: [Object: null prototype] {
    settings: {
      'x-powered-by': true,
      etag: 'weak',
      'etag fn': [Function: generateETag],
      env: 'development',
      'query parser': 'extended',
      'query parser fn': [Function: parseExtendedQueryString],
      'subdomain offset': 2,
      'trust proxy': false,
      'trust proxy fn': [Function: trustNone],
      view: [Function: View],
      views: 'C:\\Users\\akris\\Documents\\GitHub\\KrishProject\\expressjs\\views',
      'jsonp callback name': 'callback',
      port: 8080
    }
  },
  mountpath: '/'
}
========= server.getPort() ==============
inside configuration... 8080
inside server....
app port initialized.... 8080
========= server ==============
<ref *1> [Function: app] {
  _events: [Object: null prototype] { mount: [Function: onmount] },
  _eventsCount: 1,
  _maxListeners: undefined,
  setMaxListeners: [Function: setMaxListeners],
  getMaxListeners: [Function: getMaxListeners],
  emit: [Function: emit],
  addListener: [Function: addListener],
  on: [Function: addListener],
  prependListener: [Function: prependListener],
  once: [Function: once],
  prependOnceListener: [Function: prependOnceListener],
  removeListener: [Function: removeListener],
  off: [Function: removeListener],
  removeAllListeners: [Function: removeAllListeners],
  listeners: [Function: listeners],
  rawListeners: [Function: rawListeners],
  listenerCount: [Function: listenerCount],
  eventNames: [Function: eventNames],
  init: [Function: init],
  defaultConfiguration: [Function: defaultConfiguration],
  lazyrouter: [Function: lazyrouter],
  handle: [Function: handle],
  use: [Function: use],
  route: [Function: route],
  engine: [Function: engine],
  param: [Function: param],
  set: [Function: set],
  path: [Function: path],
  enabled: [Function: enabled],
  disabled: [Function: disabled],
  enable: [Function: enable],
  disable: [Function: disable],
  acl: [Function (anonymous)],
  bind: [Function (anonymous)],
  checkout: [Function (anonymous)],
  connect: [Function (anonymous)],
  copy: [Function (anonymous)],
  delete: [Function (anonymous)],
  get: [Function (anonymous)],
  head: [Function (anonymous)],
  link: [Function (anonymous)],
  lock: [Function (anonymous)],
  'm-search': [Function (anonymous)],
  merge: [Function (anonymous)],
  mkactivity: [Function (anonymous)],
  mkcalendar: [Function (anonymous)],
  mkcol: [Function (anonymous)],
  move: [Function (anonymous)],
  notify: [Function (anonymous)],
  options: [Function (anonymous)],
  patch: [Function (anonymous)],
  post: [Function (anonymous)],
  propfind: [Function (anonymous)],
  proppatch: [Function (anonymous)],
  purge: [Function (anonymous)],
  put: [Function (anonymous)],
  rebind: [Function (anonymous)],
  report: [Function (anonymous)],
  search: [Function (anonymous)],
  source: [Function (anonymous)],
  subscribe: [Function (anonymous)],
  trace: [Function (anonymous)],
  unbind: [Function (anonymous)],
  unlink: [Function (anonymous)],
  unlock: [Function (anonymous)],
  unsubscribe: [Function (anonymous)],
  all: [Function: all],
  del: [Function (anonymous)],
  render: [Function: render],
  listen: [Function: listen],
  request: IncomingMessage { app: [Circular *1] },
  response: ServerResponse { app: [Circular *1] },
  cache: {},
  engines: {},
  settings: {
    'x-powered-by': true,
    etag: 'weak',
    'etag fn': [Function: generateETag],
    env: 'development',
    'query parser': 'extended',
    'query parser fn': [Function: parseExtendedQueryString],
    'subdomain offset': 2,
    'trust proxy': false,
    'trust proxy fn': [Function: trustNone],
    view: [Function: View],
    views: 'C:\\Users\\akris\\Documents\\GitHub\\KrishProject\\expressjs\\views',
    'jsonp callback name': 'callback',
    port: 8080
  },
  locals: [Object: null prototype] {
    settings: {
      'x-powered-by': true,
      etag: 'weak',
      'etag fn': [Function: generateETag],
      env: 'development',
      'query parser': 'extended',
      'query parser fn': [Function: parseExtendedQueryString],
      'subdomain offset': 2,
      'trust proxy': false,
      'trust proxy fn': [Function: trustNone],
      view: [Function: View],
      views: 'C:\\Users\\akris\\Documents\\GitHub\\KrishProject\\expressjs\\views',
      'jsonp callback name': 'callback',
      port: 8080
    }
  },
  mountpath: '/'
}
========= server.getPort() ==============
inside configuration... 8080
inside server....
app port initialized.... 8080
========= server ==============
<ref *1> [Function: app] {
  _events: [Object: null prototype] { mount: [Function: onmount] },
  _eventsCount: 1,
  _maxListeners: undefined,
  setMaxListeners: [Function: setMaxListeners],
  getMaxListeners: [Function: getMaxListeners],
  emit: [Function: emit],
  addListener: [Function: addListener],
  on: [Function: addListener],
  prependListener: [Function: prependListener],
  once: [Function: once],
  prependOnceListener: [Function: prependOnceListener],
  removeListener: [Function: removeListener],
  off: [Function: removeListener],
  removeAllListeners: [Function: removeAllListeners],
  listeners: [Function: listeners],
  rawListeners: [Function: rawListeners],
  listenerCount: [Function: listenerCount],
  eventNames: [Function: eventNames],
  init: [Function: init],
  defaultConfiguration: [Function: defaultConfiguration],
  lazyrouter: [Function: lazyrouter],
  handle: [Function: handle],
  use: [Function: use],
  route: [Function: route],
  engine: [Function: engine],
  param: [Function: param],
  set: [Function: set],
  path: [Function: path],
  enabled: [Function: enabled],
  disabled: [Function: disabled],
  enable: [Function: enable],
  disable: [Function: disable],
  acl: [Function (anonymous)],
  bind: [Function (anonymous)],
  checkout: [Function (anonymous)],
  connect: [Function (anonymous)],
  copy: [Function (anonymous)],
  delete: [Function (anonymous)],
  get: [Function (anonymous)],
  head: [Function (anonymous)],
  link: [Function (anonymous)],
  lock: [Function (anonymous)],
  'm-search': [Function (anonymous)],
  merge: [Function (anonymous)],
  mkactivity: [Function (anonymous)],
  mkcalendar: [Function (anonymous)],
  mkcol: [Function (anonymous)],
  move: [Function (anonymous)],
  notify: [Function (anonymous)],
  options: [Function (anonymous)],
  patch: [Function (anonymous)],
  post: [Function (anonymous)],
  propfind: [Function (anonymous)],
  proppatch: [Function (anonymous)],
  purge: [Function (anonymous)],
  put: [Function (anonymous)],
  rebind: [Function (anonymous)],
  report: [Function (anonymous)],
  search: [Function (anonymous)],
  source: [Function (anonymous)],
  subscribe: [Function (anonymous)],
  trace: [Function (anonymous)],
  unbind: [Function (anonymous)],
  unlink: [Function (anonymous)],
  unlock: [Function (anonymous)],
  unsubscribe: [Function (anonymous)],
  all: [Function: all],
  del: [Function (anonymous)],
  render: [Function: render],
  listen: [Function: listen],
  request: IncomingMessage { app: [Circular *1] },
  response: ServerResponse { app: [Circular *1] },
  cache: {},
  engines: {},
  settings: {
    'x-powered-by': true,
    etag: 'weak',
    'etag fn': [Function: generateETag],
    env: 'development',
    'query parser': 'extended',
    'query parser fn': [Function: parseExtendedQueryString],
    'subdomain offset': 2,
    'trust proxy': false,
    'trust proxy fn': [Function: trustNone],
    view: [Function: View],
    views: 'C:\\Users\\akris\\Documents\\GitHub\\KrishProject\\expressjs\\views',
    'jsonp callback name': 'callback',
    port: 8080
  },
  locals: [Object: null prototype] {
    settings: {
      'x-powered-by': true,
      etag: 'weak',
      'etag fn': [Function: generateETag],
      env: 'development',
      'query parser': 'extended',
      'query parser fn': [Function: parseExtendedQueryString],
      'subdomain offset': 2,
      'trust proxy': false,
      'trust proxy fn': [Function: trustNone],
      view: [Function: View],
      views: 'C:\\Users\\akris\\Documents\\GitHub\\KrishProject\\expressjs\\views',
      'jsonp callback name': 'callback',
      port: 8080
    }
  },
  mountpath: '/'
}
========= server.getPort() ==============
inside configuration... 8080
inside server....
app port initialized.... 8080
========= server ==============
<ref *1> [Function: app] {
  _events: [Object: null prototype] { mount: [Function: onmount] },
  _eventsCount: 1,
  _maxListeners: undefined,
  setMaxListeners: [Function: setMaxListeners],
  getMaxListeners: [Function: getMaxListeners],
  emit: [Function: emit],
  addListener: [Function: addListener],
  on: [Function: addListener],
  prependListener: [Function: prependListener],
  once: [Function: once],
  prependOnceListener: [Function: prependOnceListener],
  removeListener: [Function: removeListener],
  off: [Function: removeListener],
  removeAllListeners: [Function: removeAllListeners],
  listeners: [Function: listeners],
  rawListeners: [Function: rawListeners],
  listenerCount: [Function: listenerCount],
  eventNames: [Function: eventNames],
  init: [Function: init],
  defaultConfiguration: [Function: defaultConfiguration],
  lazyrouter: [Function: lazyrouter],
  handle: [Function: handle],
  use: [Function: use],
  route: [Function: route],
  engine: [Function: engine],
  param: [Function: param],
  set: [Function: set],
  path: [Function: path],
  enabled: [Function: enabled],
  disabled: [Function: disabled],
  enable: [Function: enable],
  disable: [Function: disable],
  acl: [Function (anonymous)],
  bind: [Function (anonymous)],
  checkout: [Function (anonymous)],
  connect: [Function (anonymous)],
  copy: [Function (anonymous)],
  delete: [Function (anonymous)],
  get: [Function (anonymous)],
  head: [Function (anonymous)],
  link: [Function (anonymous)],
  lock: [Function (anonymous)],
  'm-search': [Function (anonymous)],
  merge: [Function (anonymous)],
  mkactivity: [Function (anonymous)],
  mkcalendar: [Function (anonymous)],
  mkcol: [Function (anonymous)],
  move: [Function (anonymous)],
  notify: [Function (anonymous)],
  options: [Function (anonymous)],
  patch: [Function (anonymous)],
  post: [Function (anonymous)],
  propfind: [Function (anonymous)],
  proppatch: [Function (anonymous)],
  purge: [Function (anonymous)],
  put: [Function (anonymous)],
  rebind: [Function (anonymous)],
  report: [Function (anonymous)],
  search: [Function (anonymous)],
  source: [Function (anonymous)],
  subscribe: [Function (anonymous)],
  trace: [Function (anonymous)],
  unbind: [Function (anonymous)],
  unlink: [Function (anonymous)],
  unlock: [Function (anonymous)],
  unsubscribe: [Function (anonymous)],
  all: [Function: all],
  del: [Function (anonymous)],
  render: [Function: render],
  listen: [Function: listen],
  request: IncomingMessage { app: [Circular *1] },
  response: ServerResponse { app: [Circular *1] },
  cache: {},
  engines: {},
  settings: {
    'x-powered-by': true,
    etag: 'weak',
    'etag fn': [Function: generateETag],
    env: 'development',
    'query parser': 'extended',
    'query parser fn': [Function: parseExtendedQueryString],
    'subdomain offset': 2,
    'trust proxy': false,
    'trust proxy fn': [Function: trustNone],
    view: [Function: View],
    views: 'C:\\Users\\akris\\Documents\\GitHub\\KrishProject\\expressjs\\views',
    'jsonp callback name': 'callback',
    port: 8080
  },
  locals: [Object: null prototype] {
    settings: {
      'x-powered-by': true,
      etag: 'weak',
      'etag fn': [Function: generateETag],
      env: 'development',
      'query parser': 'extended',
      'query parser fn': [Function: parseExtendedQueryString],
      'subdomain offset': 2,
      'trust proxy': false,
      'trust proxy fn': [Function: trustNone],
      view: [Function: View],
      views: 'C:\\Users\\akris\\Documents\\GitHub\\KrishProject\\expressjs\\views',
      'jsonp callback name': 'callback',
      port: 8080
    }
  },
  mountpath: '/'
}
========= server.getPort() ==============
8080
KrishXpress Server running on Port  8080
inside configuration... 8080
inside server....
app port initialized.... 8080
========= server ==============
<ref *1> [Function: app] {
  _events: [Object: null prototype] { mount: [Function: onmount] },
  _eventsCount: 1,
  _maxListeners: undefined,
  setMaxListeners: [Function: setMaxListeners],
  getMaxListeners: [Function: getMaxListeners],
  emit: [Function: emit],
  addListener: [Function: addListener],
  on: [Function: addListener],
  prependListener: [Function: prependListener],
  once: [Function: once],
  prependOnceListener: [Function: prependOnceListener],
  removeListener: [Function: removeListener],
  off: [Function: removeListener],
  removeAllListeners: [Function: removeAllListeners],
  listeners: [Function: listeners],
  rawListeners: [Function: rawListeners],
  listenerCount: [Function: listenerCount],
  eventNames: [Function: eventNames],
  init: [Function: init],
  defaultConfiguration: [Function: defaultConfiguration],
  lazyrouter: [Function: lazyrouter],
  handle: [Function: handle],
  use: [Function: use],
  route: [Function: route],
  engine: [Function: engine],
  param: [Function: param],
  set: [Function: set],
  path: [Function: path],
  enabled: [Function: enabled],
  disabled: [Function: disabled],
  enable: [Function: enable],
  disable: [Function: disable],
  acl: [Function (anonymous)],
  bind: [Function (anonymous)],
  checkout: [Function (anonymous)],
  connect: [Function (anonymous)],
  copy: [Function (anonymous)],
  delete: [Function (anonymous)],
  get: [Function (anonymous)],
  head: [Function (anonymous)],
  link: [Function (anonymous)],
  lock: [Function (anonymous)],
  'm-search': [Function (anonymous)],
  merge: [Function (anonymous)],
  mkactivity: [Function (anonymous)],
  mkcalendar: [Function (anonymous)],
  mkcol: [Function (anonymous)],
  move: [Function (anonymous)],
  notify: [Function (anonymous)],
  options: [Function (anonymous)],
  patch: [Function (anonymous)],
  post: [Function (anonymous)],
  propfind: [Function (anonymous)],
  proppatch: [Function (anonymous)],
  purge: [Function (anonymous)],
  put: [Function (anonymous)],
  rebind: [Function (anonymous)],
  report: [Function (anonymous)],
  search: [Function (anonymous)],
  source: [Function (anonymous)],
  subscribe: [Function (anonymous)],
  trace: [Function (anonymous)],
  unbind: [Function (anonymous)],
  unlink: [Function (anonymous)],
  unlock: [Function (anonymous)],
  unsubscribe: [Function (anonymous)],
  all: [Function: all],
  del: [Function (anonymous)],
  render: [Function: render],
  listen: [Function: listen],
  request: IncomingMessage { app: [Circular *1] },
  response: ServerResponse { app: [Circular *1] },
  cache: {},
  engines: {},
  settings: {
    'x-powered-by': true,
    etag: 'weak',
    'etag fn': [Function: generateETag],
    env: 'development',
    'query parser': 'extended',
    'query parser fn': [Function: parseExtendedQueryString],
    'subdomain offset': 2,
    'trust proxy': false,
    'trust proxy fn': [Function: trustNone],
    view: [Function: View],
    views: 'C:\\Users\\akris\\Documents\\GitHub\\KrishProject\\expressjs\\views',
    'jsonp callback name': 'callback',
    port: 8080
  },
  locals: [Object: null prototype] {
    settings: {
      'x-powered-by': true,
      etag: 'weak',
      'etag fn': [Function: generateETag],
      env: 'development',
      'query parser': 'extended',
      'query parser fn': [Function: parseExtendedQueryString],
      'subdomain offset': 2,
      'trust proxy': false,
      'trust proxy fn': [Function: trustNone],
      view: [Function: View],
      views: 'C:\\Users\\akris\\Documents\\GitHub\\KrishProject\\expressjs\\views',
      'jsonp callback name': 'callback',
      port: 8080
    }
  },
  mountpath: '/'
}
========= server.getPort() ==============
8080
inside configuration... 8080
inside server....
app port initialized.... 8080
========= server ==============
<ref *1> [Function: app] {
  _events: [Object: null prototype] { mount: [Function: onmount] },
  _eventsCount: 1,
  _maxListeners: undefined,
  setMaxListeners: [Function: setMaxListeners],
  getMaxListeners: [Function: getMaxListeners],
  emit: [Function: emit],
  addListener: [Function: addListener],
  on: [Function: addListener],
  prependListener: [Function: prependListener],
  once: [Function: once],
  prependOnceListener: [Function: prependOnceListener],
  removeListener: [Function: removeListener],
  off: [Function: removeListener],
  removeAllListeners: [Function: removeAllListeners],
  listeners: [Function: listeners],
  rawListeners: [Function: rawListeners],
  listenerCount: [Function: listenerCount],
  eventNames: [Function: eventNames],
  init: [Function: init],
  defaultConfiguration: [Function: defaultConfiguration],
  lazyrouter: [Function: lazyrouter],
  handle: [Function: handle],
  use: [Function: use],
  route: [Function: route],
  engine: [Function: engine],
  param: [Function: param],
  set: [Function: set],
  path: [Function: path],
  enabled: [Function: enabled],
  disabled: [Function: disabled],
  enable: [Function: enable],
  disable: [Function: disable],
  acl: [Function (anonymous)],
  bind: [Function (anonymous)],
  checkout: [Function (anonymous)],
  connect: [Function (anonymous)],
  copy: [Function (anonymous)],
  delete: [Function (anonymous)],
  get: [Function (anonymous)],
  head: [Function (anonymous)],
  link: [Function (anonymous)],
  lock: [Function (anonymous)],
  'm-search': [Function (anonymous)],
  merge: [Function (anonymous)],
  mkactivity: [Function (anonymous)],
  mkcalendar: [Function (anonymous)],
  mkcol: [Function (anonymous)],
  move: [Function (anonymous)],
  notify: [Function (anonymous)],
  options: [Function (anonymous)],
  patch: [Function (anonymous)],
  post: [Function (anonymous)],
  propfind: [Function (anonymous)],
  proppatch: [Function (anonymous)],
  purge: [Function (anonymous)],
  put: [Function (anonymous)],
  rebind: [Function (anonymous)],
  report: [Function (anonymous)],
  search: [Function (anonymous)],
  source: [Function (anonymous)],
  subscribe: [Function (anonymous)],
  trace: [Function (anonymous)],
  unbind: [Function (anonymous)],
  unlink: [Function (anonymous)],
  unlock: [Function (anonymous)],
  unsubscribe: [Function (anonymous)],
  all: [Function: all],
  del: [Function (anonymous)],
  render: [Function: render],
  listen: [Function: listen],
  request: IncomingMessage { app: [Circular *1] },
  response: ServerResponse { app: [Circular *1] },
  cache: {},
  engines: {},
  settings: {
    'x-powered-by': true,
    etag: 'weak',
    'etag fn': [Function: generateETag],
    env: 'development',
    'query parser': 'extended',
    'query parser fn': [Function: parseExtendedQueryString],
    'subdomain offset': 2,
    'trust proxy': false,
    'trust proxy fn': [Function: trustNone],
    view: [Function: View],
    views: 'C:\\Users\\akris\\Documents\\GitHub\\KrishProject\\expressjs\\views',
    'jsonp callback name': 'callback',
    port: 8080
  },
  locals: [Object: null prototype] {
    settings: {
      'x-powered-by': true,
      etag: 'weak',
      'etag fn': [Function: generateETag],
      env: 'development',
      'query parser': 'extended',
      'query parser fn': [Function: parseExtendedQueryString],
      'subdomain offset': 2,
      'trust proxy': false,
      'trust proxy fn': [Function: trustNone],
      view: [Function: View],
      views: 'C:\\Users\\akris\\Documents\\GitHub\\KrishProject\\expressjs\\views',
      'jsonp callback name': 'callback',
      port: 8080
    }
  },
  mountpath: '/'
}
========= server.getPort() ==============
8080
inside configuration... 8080
inside server....
app port initialized.... 8080
========= server ==============
<ref *1> [Function: app] {
  _events: [Object: null prototype] { mount: [Function: onmount] },
  _eventsCount: 1,
  _maxListeners: undefined,
  setMaxListeners: [Function: setMaxListeners],
  getMaxListeners: [Function: getMaxListeners],
  emit: [Function: emit],
  addListener: [Function: addListener],
  on: [Function: addListener],
  prependListener: [Function: prependListener],
  once: [Function: once],
  prependOnceListener: [Function: prependOnceListener],
  removeListener: [Function: removeListener],
  off: [Function: removeListener],
  removeAllListeners: [Function: removeAllListeners],
  listeners: [Function: listeners],
  rawListeners: [Function: rawListeners],
  listenerCount: [Function: listenerCount],
  eventNames: [Function: eventNames],
  init: [Function: init],
  defaultConfiguration: [Function: defaultConfiguration],
  lazyrouter: [Function: lazyrouter],
  handle: [Function: handle],
  use: [Function: use],
  route: [Function: route],
  engine: [Function: engine],
  param: [Function: param],
  set: [Function: set],
  path: [Function: path],
  enabled: [Function: enabled],
  disabled: [Function: disabled],
  enable: [Function: enable],
  disable: [Function: disable],
  acl: [Function (anonymous)],
  bind: [Function (anonymous)],
  checkout: [Function (anonymous)],
  connect: [Function (anonymous)],
  copy: [Function (anonymous)],
  delete: [Function (anonymous)],
  get: [Function (anonymous)],
  head: [Function (anonymous)],
  link: [Function (anonymous)],
  lock: [Function (anonymous)],
  'm-search': [Function (anonymous)],
  merge: [Function (anonymous)],
  mkactivity: [Function (anonymous)],
  mkcalendar: [Function (anonymous)],
  mkcol: [Function (anonymous)],
  move: [Function (anonymous)],
  notify: [Function (anonymous)],
  options: [Function (anonymous)],
  patch: [Function (anonymous)],
  post: [Function (anonymous)],
  propfind: [Function (anonymous)],
  proppatch: [Function (anonymous)],
  purge: [Function (anonymous)],
  put: [Function (anonymous)],
  rebind: [Function (anonymous)],
  report: [Function (anonymous)],
  search: [Function (anonymous)],
  source: [Function (anonymous)],
  subscribe: [Function (anonymous)],
  trace: [Function (anonymous)],
  unbind: [Function (anonymous)],
  unlink: [Function (anonymous)],
  unlock: [Function (anonymous)],
  unsubscribe: [Function (anonymous)],
  all: [Function: all],
  del: [Function (anonymous)],
  render: [Function: render],
  listen: [Function: listen],
  request: IncomingMessage { app: [Circular *1] },
  response: ServerResponse { app: [Circular *1] },
  cache: {},
  engines: {},
  settings: {
    'x-powered-by': true,
    etag: 'weak',
    'etag fn': [Function: generateETag],
    env: 'development',
    'query parser': 'extended',
    'query parser fn': [Function: parseExtendedQueryString],
    'subdomain offset': 2,
    'trust proxy': false,
    'trust proxy fn': [Function: trustNone],
    view: [Function: View],
    views: 'C:\\Users\\akris\\Documents\\GitHub\\KrishProject\\expressjs\\views',
    'jsonp callback name': 'callback',
    port: 8080
  },
  locals: [Object: null prototype] {
    settings: {
      'x-powered-by': true,
      etag: 'weak',
      'etag fn': [Function: generateETag],
      env: 'development',
      'query parser': 'extended',
      'query parser fn': [Function: parseExtendedQueryString],
      'subdomain offset': 2,
      'trust proxy': false,
      'trust proxy fn': [Function: trustNone],
      view: [Function: View],
      views: 'C:\\Users\\akris\\Documents\\GitHub\\KrishProject\\expressjs\\views',
      'jsonp callback name': 'callback',
      port: 8080
    }
  },
  mountpath: '/'
}
========= server.getPort() ==============
8080
inside configuration... 8080
inside server....
app port initialized.... 8080
========= server ==============
<ref *1> [Function: app] {
  _events: [Object: null prototype] { mount: [Function: onmount] },
  _eventsCount: 1,
  _maxListeners: undefined,
  setMaxListeners: [Function: setMaxListeners],
  getMaxListeners: [Function: getMaxListeners],
  emit: [Function: emit],
  addListener: [Function: addListener],
  on: [Function: addListener],
  prependListener: [Function: prependListener],
  once: [Function: once],
  prependOnceListener: [Function: prependOnceListener],
  removeListener: [Function: removeListener],
  off: [Function: removeListener],
  removeAllListeners: [Function: removeAllListeners],
  listeners: [Function: listeners],
  rawListeners: [Function: rawListeners],
  listenerCount: [Function: listenerCount],
  eventNames: [Function: eventNames],
  init: [Function: init],
  defaultConfiguration: [Function: defaultConfiguration],
  lazyrouter: [Function: lazyrouter],
  handle: [Function: handle],
  use: [Function: use],
  route: [Function: route],
  engine: [Function: engine],
  param: [Function: param],
  set: [Function: set],
  path: [Function: path],
  enabled: [Function: enabled],
  disabled: [Function: disabled],
  enable: [Function: enable],
  disable: [Function: disable],
  acl: [Function (anonymous)],
  bind: [Function (anonymous)],
  checkout: [Function (anonymous)],
  connect: [Function (anonymous)],
  copy: [Function (anonymous)],
  delete: [Function (anonymous)],
  get: [Function (anonymous)],
  head: [Function (anonymous)],
  link: [Function (anonymous)],
  lock: [Function (anonymous)],
  'm-search': [Function (anonymous)],
  merge: [Function (anonymous)],
  mkactivity: [Function (anonymous)],
  mkcalendar: [Function (anonymous)],
  mkcol: [Function (anonymous)],
  move: [Function (anonymous)],
  notify: [Function (anonymous)],
  options: [Function (anonymous)],
  patch: [Function (anonymous)],
  post: [Function (anonymous)],
  propfind: [Function (anonymous)],
  proppatch: [Function (anonymous)],
  purge: [Function (anonymous)],
  put: [Function (anonymous)],
  rebind: [Function (anonymous)],
  report: [Function (anonymous)],
  search: [Function (anonymous)],
  source: [Function (anonymous)],
  subscribe: [Function (anonymous)],
  trace: [Function (anonymous)],
  unbind: [Function (anonymous)],
  unlink: [Function (anonymous)],
  unlock: [Function (anonymous)],
  unsubscribe: [Function (anonymous)],
  all: [Function: all],
  del: [Function (anonymous)],
  render: [Function: render],
  listen: [Function: listen],
  request: IncomingMessage { app: [Circular *1] },
  response: ServerResponse { app: [Circular *1] },
  cache: {},
  engines: {},
  settings: {
    'x-powered-by': true,
    etag: 'weak',
    'etag fn': [Function: generateETag],
    env: 'development',
    'query parser': 'extended',
    'query parser fn': [Function: parseExtendedQueryString],
    'subdomain offset': 2,
    'trust proxy': false,
    'trust proxy fn': [Function: trustNone],
    view: [Function: View],
    views: 'C:\\Users\\akris\\Documents\\GitHub\\KrishProject\\expressjs\\views',
    'jsonp callback name': 'callback',
    port: 8080
  },
  locals: [Object: null prototype] {
    settings: {
      'x-powered-by': true,
      etag: 'weak',
      'etag fn': [Function: generateETag],
      env: 'development',
      'query parser': 'extended',
      'query parser fn': [Function: parseExtendedQueryString],
      'subdomain offset': 2,
      'trust proxy': false,
      'trust proxy fn': [Function: trustNone],
      view: [Function: View],
      views: 'C:\\Users\\akris\\Documents\\GitHub\\KrishProject\\expressjs\\views',
      'jsonp callback name': 'callback',
      port: 8080
    }
  },
  mountpath: '/',
  _router: [Function: router] {
    params: {},
    _params: [],
    caseSensitive: false,
    mergeParams: undefined,
    strict: false,
    stack: [ [Layer], [Layer], [Layer] ]
  }
}
========= server.getPort() ==============
8080
KrishXpress Server running on Port  8080
inside configuration... 8080
inside server....
app port initialized.... 8080
========= server ==============
<ref *1> [Function: app] {
  _events: [Object: null prototype] { mount: [Function: onmount] },
  _eventsCount: 1,
  _maxListeners: undefined,
  setMaxListeners: [Function: setMaxListeners],
  getMaxListeners: [Function: getMaxListeners],
  emit: [Function: emit],
  addListener: [Function: addListener],
  on: [Function: addListener],
  prependListener: [Function: prependListener],
  once: [Function: once],
  prependOnceListener: [Function: prependOnceListener],
  removeListener: [Function: removeListener],
  off: [Function: removeListener],
  removeAllListeners: [Function: removeAllListeners],
  listeners: [Function: listeners],
  rawListeners: [Function: rawListeners],
  listenerCount: [Function: listenerCount],
  eventNames: [Function: eventNames],
  init: [Function: init],
  defaultConfiguration: [Function: defaultConfiguration],
  lazyrouter: [Function: lazyrouter],
  handle: [Function: handle],
  use: [Function: use],
  route: [Function: route],
  engine: [Function: engine],
  param: [Function: param],
  set: [Function: set],
  path: [Function: path],
  enabled: [Function: enabled],
  disabled: [Function: disabled],
  enable: [Function: enable],
  disable: [Function: disable],
  acl: [Function (anonymous)],
  bind: [Function (anonymous)],
  checkout: [Function (anonymous)],
  connect: [Function (anonymous)],
  copy: [Function (anonymous)],
  delete: [Function (anonymous)],
  get: [Function (anonymous)],
  head: [Function (anonymous)],
  link: [Function (anonymous)],
  lock: [Function (anonymous)],
  'm-search': [Function (anonymous)],
  merge: [Function (anonymous)],
  mkactivity: [Function (anonymous)],
  mkcalendar: [Function (anonymous)],
  mkcol: [Function (anonymous)],
  move: [Function (anonymous)],
  notify: [Function (anonymous)],
  options: [Function (anonymous)],
  patch: [Function (anonymous)],
  post: [Function (anonymous)],
  propfind: [Function (anonymous)],
  proppatch: [Function (anonymous)],
  purge: [Function (anonymous)],
  put: [Function (anonymous)],
  rebind: [Function (anonymous)],
  report: [Function (anonymous)],
  search: [Function (anonymous)],
  source: [Function (anonymous)],
  subscribe: [Function (anonymous)],
  trace: [Function (anonymous)],
  unbind: [Function (anonymous)],
  unlink: [Function (anonymous)],
  unlock: [Function (anonymous)],
  unsubscribe: [Function (anonymous)],
  all: [Function: all],
  del: [Function (anonymous)],
  render: [Function: render],
  listen: [Function: listen],
  request: IncomingMessage { app: [Circular *1] },
  response: ServerResponse { app: [Circular *1] },
  cache: {},
  engines: {},
  settings: {
    'x-powered-by': true,
    etag: 'weak',
    'etag fn': [Function: generateETag],
    env: 'development',
    'query parser': 'extended',
    'query parser fn': [Function: parseExtendedQueryString],
    'subdomain offset': 2,
    'trust proxy': false,
    'trust proxy fn': [Function: trustNone],
    view: [Function: View],
    views: 'C:\\Users\\akris\\Documents\\GitHub\\KrishProject\\expressjs\\views',
    'jsonp callback name': 'callback',
    port: 8080
  },
  locals: [Object: null prototype] {
    settings: {
      'x-powered-by': true,
      etag: 'weak',
      'etag fn': [Function: generateETag],
      env: 'development',
      'query parser': 'extended',
      'query parser fn': [Function: parseExtendedQueryString],
      'subdomain offset': 2,
      'trust proxy': false,
      'trust proxy fn': [Function: trustNone],
      view: [Function: View],
      views: 'C:\\Users\\akris\\Documents\\GitHub\\KrishProject\\expressjs\\views',
      'jsonp callback name': 'callback',
      port: 8080
    }
  },
  mountpath: '/',
  _router: [Function: router] {
    params: {},
    _params: [],
    caseSensitive: false,
    mergeParams: undefined,
    strict: false,
    stack: [ [Layer], [Layer], [Layer] ]
  }
}
========= server.getPort() ==============
8080
KrishXpress Server running on Port  8080
